<?xml version="1.0" encoding="UTF-8"?>
<testsuite name="edu.bsu.cs222.LeapYearCalculatorTest" tests="1" skipped="0" failures="0" errors="0" timestamp="2023-01-17T18:29:41" hostname="DESKTOP-SPDAU30" time="0.014">
  <properties/>
  <testcase name="test2004isLeapYear()" classname="edu.bsu.cs222.LeapYearCalculatorTest" time="0.014"/>
  <system-out><![CDATA[]]></system-out>
  <system-err><![CDATA[]]></system-err>
</testsuite>
