<?xml version="1.0" encoding="UTF-8"?>
<testsuite name="edu.bsu.cs222.GreeterTest" tests="1" skipped="0" failures="0" errors="0" timestamp="2023-01-11T23:25:40" hostname="DESKTOP-SPDAU30" time="0.015">
  <properties/>
  <testcase name="testSayHello()" classname="edu.bsu.cs222.GreeterTest" time="0.015"/>
  <system-out><![CDATA[]]></system-out>
  <system-err><![CDATA[]]></system-err>
</testsuite>
